A51 MACRO ASSEMBLER  LAB5                                                                 06/04/2023 15:51:05 PAGE     1


MACRO ASSEMBLER A51 V8.2.7.0
OBJECT MODULE PLACED IN .\Objects\lab5.obj
ASSEMBLER INVOKED BY: C:\Keil_v5\C51\BIN\A51.EXE lab5.a51 SET(SMALL) DEBUG PRINT(.\Listings\lab5.lst) OBJECT(.\Objects\l
                      ab5.obj) EP

LOC  OBJ            LINE     SOURCE

                       1     ;------------------------------------------------------------------------------
  0032                 2     TIME_MS         EQU     50                                      ; czas w [ms]
  C350                 3     CYCLES          EQU     (1000 * TIME_MS)        ; czas w cyklach (f = 12 MHz)
  3CB0                 4     LOAD            EQU     (65536 - CYCLES)        ; wartosc ladowana do TH0|TL0
                       5     ;------------------------------------------------------------------------------
  0030                 6     CNT_50          EQU     30h                     ; licznik w ramach sekundy
  0031                 7     SEC                     EQU     31h                     ; sekundy
  0032                 8     MIN                     EQU     32h                     ; minuty
  0033                 9     HOUR            EQU     33h                     ; godziny
                      10     
  0034                11     ALARM_SEC       EQU     34h                     ; alarm - sekundy
  0035                12     ALARM_MIN       EQU     35h                     ; alarm - minuty
  0036                13     ALARM_HOUR      EQU     36h                     ; alarm - godziny
                      14             
  0037                15     SEC_SINCE_LAST_ALARM EQU 37h    ; liczba sekund od ostatniego alarmu
  0038                16     ALARM_DURATION EQU 38h                  ; czas trwania alarmu w sekundach
                      17     
  0000                18     SEC_CHANGE      EQU     0                       ; flaga zmiany sekund (BIT)
                      19     ;------------------------------------------------------------------------------
  0090                20     LEDS            EQU     P1                      ; diody LED na P1 (0=ON)
  0097                21     ALARM           EQU     P1.7            ; sygnalizacja alarmu
                      22     ;------------------------------------------------------------------------------
  FF2C                23     WR_CMD          EQU     0FF2Ch          ; zapis rejestru komend
  FF2D                24     WR_DATA         EQU     0FF2Dh          ; zapis rejestru danych
  FF2E                25     RD_STAT         EQU     0FF2Eh          ; odczyt rejestru statusu
  FF2F                26     RD_DATA         EQU     0FF2Fh          ; odczyt rejestru danych
                      27     ;------------------------------------------------------------------------------
                      28     
----                  29     CSEG AT 0
0000 803D             30             sjmp    start
                      31             
----                  32     CSEG AT 0Bh
                      33     ;---------------------------------------------------------------------
                      34     ; Obsluga przerwania Timera 0
                      35     ;---------------------------------------------------------------------
000B                  36     T0_int:
000B 758AB0           37             mov TL0, #LOW(LOAD)
000E 758B3C           38             mov TL1, #HIGH(LOAD)
                      39             
0011 C0E0             40             push ACC
                      41             
0013 1530             42             dec CNT_50                              ; aktualizacja licznika 50ms
0015 E530             43             mov A, CNT_50
0017 7023             44             jnz end_timer_int
0019 753014           45             mov CNT_50, #20
                      46                     
001C 0531             47             inc SEC                                 ; aktualizacja licznika sekund oraz obsluga
                              alarmu
001E D200             48             setb SEC_CHANGE
0020 E531             49             mov A, SEC
0022 643C             50             xrl A, #60
0024 7016             51             jnz end_timer_int
0026 F531             52             mov SEC, A
                      53             
0028 0532             54             inc MIN                                 ; aktualizacja licznika minut
002A E532             55             mov A, MIN
002C 643C             56             xrl A, #60
A51 MACRO ASSEMBLER  LAB5                                                                 06/04/2023 15:51:05 PAGE     2

002E 700C             57             jnz end_timer_int
0030 F532             58             mov MIN, A
                      59             
0032 0533             60             inc HOUR                                ; aktualizacja godzin
0034 E533             61             mov A, HOUR
0036 6418             62             xrl A, #24
0038 7002             63             jnz end_timer_int
003A F533             64             mov HOUR, A
                      65     
003C                  66     end_timer_int:
003C D0E0             67             pop ACC
003E 32               68             reti
                      69     
                      70     ;---------------------------------------------------------------------
                      71     ; Start programu
                      72     ;---------------------------------------------------------------------
003F                  73     start:
003F 12006A           74             lcall clock_init
0042 120055           75             lcall timer_init
0045 120048           76             lcall main_loop
                      77     
                      78     ;---------------------------------------------------------------------
                      79     ; Petla glowna programu
                      80     ;---------------------------------------------------------------------
0048                  81     main_loop:
0048 3000FD           82             jnb SEC_CHANGE, main_loop       ; czekam na zmiane sekundy
004B C200             83             clr SEC_CHANGE
                      84             
004D 120086           85             lcall clock_display
0050 1200A5           86             lcall clock_alarm
                      87             
0053 80F3             88             sjmp    main_loop
                      89     
                      90     ;---------------------------------------------------------------------
                      91     ; Inicjowanie Timera 0 w trybie 16-bitowym z przerwaniami
                      92     ;---------------------------------------------------------------------
0055                  93     timer_init:
0055 C28C             94             clr TR0                                 ; zatrzymanie Timer 0
                      95             
0057 7409             96             mov A, #00001001b               ; konfiguracja Timer 0
0059 4289             97             orl TMOD, A
                      98             
005B 758AB0           99             mov TL0, #LOW(LOAD)             ; ustawienie czasu na Timer 0
005E 758C3C          100             mov TH0, #HIGH(LOAD)
                     101             
0061 C28D            102             clr TF0                                 ; wyzerowanie flagi przepelnienia Timer 0
                     103             
0063 D2A9            104             setb ET0                                ; wlaczenie przerwan
0065 D2AF            105             setb EA
                     106             
0067 D28C            107             setb TR0                                ; wlaczenie timera
                     108             
0069 22              109             ret
                     110     
                     111     ;---------------------------------------------------------------------
                     112     ; Inicjowanie zmiennych zwiazanych z czasem
                     113     ;---------------------------------------------------------------------
006A                 114     clock_init:
006A 753014          115             mov CNT_50, #20                 ; ustawienie czasu poczatkowego
006D 75313B          116             mov SEC, #59
0070 75323B          117             mov MIN, #59
0073 753300          118             mov HOUR, #0
                     119             
0076 75341E          120             mov ALARM_SEC, #30              ; ustawienie czasu alarmu
0079 753500          121             mov ALARM_MIN, #0
007C 753601          122             mov ALARM_HOUR, #1
A51 MACRO ASSEMBLER  LAB5                                                                 06/04/2023 15:51:05 PAGE     3

                     123             
007F 753700          124             mov SEC_SINCE_LAST_ALARM, #0
0082 75380A          125             mov ALARM_DURATION, #10
                     126             
0085 22              127             ret
                     128     
                     129     ;---------------------------------------------------------------------
                     130     ; Wyswietlanie czasu
                     131     ;---------------------------------------------------------------------
0086                 132     clock_display:
                     133             
0086 7403            134             mov A, #03                              ; ustawienie kursora
0088 1200CE          135             lcall lcd_gotoxy
                     136             
008B E533            137             mov A, HOUR                             ; wyswietlenie godziny
008D 1200DB          138             lcall lcd_dec_2
                     139             
0090 743A            140             mov A, #':'                             ; wysweitlenie dwukropka
0092 1200EC          141             lcall lcd_write_data
                     142             
0095 E532            143             mov A, MIN                              ; wyswietlenie minuty
0097 1200DB          144             lcall lcd_dec_2
                     145             
009A 743A            146             mov A, #':'                             ; wysweitlenie dwukropka
009C 1200EC          147             lcall lcd_write_data
                     148             
009F E531            149             mov A, SEC                              ; wyswietlenie sekundy
00A1 1200DB          150             lcall lcd_dec_2
                     151             
00A4 22              152             ret
                     153     
                     154     ;---------------------------------------------------------------------
                     155     ; Obsluga alarmu
                     156     ;---------------------------------------------------------------------
00A5                 157     clock_alarm:
                     158             ; sprawdzam czy minelo juz N sekund od ostatniego alarmu, jezeli tak, to gasze diode
00A5 20970E          159             jb ALARM, check_alarm_condition
00A8 E537            160             mov A, SEC_SINCE_LAST_ALARM
00AA 04              161             inc A
00AB F537            162             mov SEC_SINCE_LAST_ALARM, A
00AD 6538            163             xrl A, ALARM_DURATION
00AF 7005            164             jnz check_alarm_condition
                     165             
00B1 D297            166             setb ALARM
00B3 753700          167             mov SEC_SINCE_LAST_ALARM, #0
                     168     
                     169             ; sprawdzam, czy kolejne elementy czasu sa zgodne z alarmem, jezeli nie to konczymy
                              obsluge alarmu
00B6                 170     check_alarm_condition:
00B6 E536            171             mov A, ALARM_HOUR
00B8 6533            172             xrl A, HOUR
00BA 7011            173             jnz end_alarm
                     174             
00BC E535            175             mov A, ALARM_MIN
00BE 6532            176             xrl A, MIN
00C0 700B            177             jnz end_alarm
                     178             
00C2 E534            179             mov A, ALARM_SEC
00C4 6531            180             xrl A, SEC
00C6 7005            181             jnz end_alarm
                     182             
                     183             ; godzina zgodna z alarmem - uruchamiana jest dioda
00C8 C297            184             clr ALARM
00CA 753700          185             mov SEC_SINCE_LAST_ALARM, #0
                     186             
00CD                 187     end_alarm:
A51 MACRO ASSEMBLER  LAB5                                                                 06/04/2023 15:51:05 PAGE     4

00CD 22              188             ret
                     189     
                     190     ;---------------------------------------------------------------------
                     191     ; Ustawienie biezacej pozycji wyswietlania
                     192     ;
                     193     ; Wejscie: A - pozycja na wyswietlaczu: ---y | xxxx
                     194     ;---------------------------------------------------------------------
00CE                 195     lcd_gotoxy:
                     196     
00CE 30E404          197             jnb ACC.4, call_command         ; sprawdzam, czy potrzebna jest korekta
                     198             
00D1 C2E4            199             clr ACC.4                                       ; korekta
00D3 D2E6            200             setb ACC.6
                     201             
00D5                 202     call_command:
00D5 D2E7            203             setb ACC.7                                      ; dopelniam brakujacy bit komendy
00D7 120104          204             lcall lcd_write_cmd
                     205     
00DA 22              206             ret
                     207     
                     208     ;---------------------------------------------------------------------
                     209     ; Wyswietlenie liczby dziesietnej
                     210     ;
                     211     ; Wejscie: A - liczba do wyswietlenia (00 ... 99)
                     212     ;---------------------------------------------------------------------
00DB                 213     lcd_dec_2:
                     214             
00DB 75F00A          215             mov B, #10                              ; dzielenie przez 10
00DE 84              216             div AB
                     217             
00DF 2430            218             add A, #'0'                             ; wyswietlenie starszej cyfry
00E1 1200EC          219             lcall lcd_write_data
                     220             
00E4 E5F0            221             mov A, B                                ; wyswietlenie mlodszej cyfry
00E6 2430            222             add A, #'0'
00E8 1200EC          223             lcall lcd_write_data
                     224             
00EB 22              225             ret
                     226     
                     227     ;---------------------------------------------------------------------
                     228     ; Zapis danych
                     229     ;
                     230     ; Wejscie: A - dane do zapisu
                     231     ;---------------------------------------------------------------------
00EC                 232     lcd_write_data:
00EC C083            233             push DPH
00EE C082            234             push DPL
                     235     
00F0 C0E0            236             push ACC                                        ; zapisuje dane na stosie
00F2 90FF2E          237             mov DPTR, #RD_STAT
                     238             
00F5                 239     wait_till_busy_data:                    ; czekam, az sterownik bedzie dostepny
00F5 E0              240             movx A, @DPTR
00F6 20E7FC          241             jb ACC.7, wait_till_busy_data
                     242             
00F9 D0E0            243             pop ACC                                         ; wprowadzam dane
00FB 90FF2D          244             mov DPTR, #WR_DATA
00FE F0              245             movx @DPTR, A
                     246             
00FF D082            247             pop DPL
0101 D083            248             pop DPH
0103 22              249             ret
                     250     
                     251     ;---------------------------------------------------------------------
                     252     ; Zapis komendy do LCD
                     253     ;
A51 MACRO ASSEMBLER  LAB5                                                                 06/04/2023 15:51:05 PAGE     5

                     254     ; Wejscie: A - kod komendy
                     255     ;---------------------------------------------------------------------
0104                 256     lcd_write_cmd:
0104 C083            257             push DPH
0106 C082            258             push DPL
                     259     
0108 C0E0            260             push ACC                                        ; zapisuje komende na stosie
010A 90FF2E          261             mov DPTR, #RD_STAT
                     262             
010D                 263     wait_till_busy_cmd:                             ; czekam, az sterownik bedzie dostepny
010D E0              264             movx A, @DPTR
010E 20E7FC          265             jb ACC.7, wait_till_busy_cmd
                     266             
0111 D0E0            267             pop ACC                                         ; wprowadzam komende
0113 90FF2C          268             mov DPTR, #WR_CMD
0116 F0              269             movx @DPTR, A
                     270             
0117 D082            271             pop DPL
0119 D083            272             pop DPH
011B 22              273             ret
                     274     
                     275     ;---------------------------------------------------------------------
                     276     ; Inicjowanie wyswietlacza
                     277     ;---------------------------------------------------------------------
011C                 278     lcd_init:
                     279             
011C 7438            280             mov A, #00111000b                       ; ustalenie trybu pracy
011E 120104          281             lcall lcd_write_cmd
                     282             
0121 7406            283             mov A, #00000110b                       ; ustalenie trybu wprowadzania
0123 120104          284             lcall lcd_write_cmd
                     285             
0126 740F            286             mov A, #00001111b                       ; kontrola widocznosci elementu lcd
0128 120104          287             lcall lcd_write_cmd
                     288             
012B 7401            289             mov A, #00000001b                       ; wyczyszczenie ekranu
012D 120104          290             lcall lcd_write_cmd
                     291     
0130 22              292             ret
                     293     
                     294     END
A51 MACRO ASSEMBLER  LAB5                                                                 06/04/2023 15:51:05 PAGE     6

SYMBOL TABLE LISTING
------ ----- -------


N A M E                T Y P E  V A L U E   ATTRIBUTES

ACC . . . . . . . . .  D ADDR   00E0H   A   
ALARM . . . . . . . .  B ADDR   0090H.7 A   
ALARM_DURATION. . . .  N NUMB   0038H   A   
ALARM_HOUR. . . . . .  N NUMB   0036H   A   
ALARM_MIN . . . . . .  N NUMB   0035H   A   
ALARM_SEC . . . . . .  N NUMB   0034H   A   
B . . . . . . . . . .  D ADDR   00F0H   A   
CALL_COMMAND. . . . .  C ADDR   00D5H   A   
CHECK_ALARM_CONDITION  C ADDR   00B6H   A   
CLOCK_ALARM . . . . .  C ADDR   00A5H   A   
CLOCK_DISPLAY . . . .  C ADDR   0086H   A   
CLOCK_INIT. . . . . .  C ADDR   006AH   A   
CNT_50. . . . . . . .  N NUMB   0030H   A   
CYCLES. . . . . . . .  N NUMB   C350H   A   
DPH . . . . . . . . .  D ADDR   0083H   A   
DPL . . . . . . . . .  D ADDR   0082H   A   
EA. . . . . . . . . .  B ADDR   00A8H.7 A   
END_ALARM . . . . . .  C ADDR   00CDH   A   
END_TIMER_INT . . . .  C ADDR   003CH   A   
ET0 . . . . . . . . .  B ADDR   00A8H.1 A   
HOUR. . . . . . . . .  N NUMB   0033H   A   
LCD_DEC_2 . . . . . .  C ADDR   00DBH   A   
LCD_GOTOXY. . . . . .  C ADDR   00CEH   A   
LCD_INIT. . . . . . .  C ADDR   011CH   A   
LCD_WRITE_CMD . . . .  C ADDR   0104H   A   
LCD_WRITE_DATA. . . .  C ADDR   00ECH   A   
LEDS. . . . . . . . .  D ADDR   0090H   A   
LOAD. . . . . . . . .  N NUMB   3CB0H   A   
MAIN_LOOP . . . . . .  C ADDR   0048H   A   
MIN . . . . . . . . .  N NUMB   0032H   A   
P1. . . . . . . . . .  D ADDR   0090H   A   
RD_DATA . . . . . . .  N NUMB   FF2FH   A   
RD_STAT . . . . . . .  N NUMB   FF2EH   A   
SEC . . . . . . . . .  N NUMB   0031H   A   
SEC_CHANGE. . . . . .  N NUMB   0000H   A   
SEC_SINCE_LAST_ALARM.  N NUMB   0037H   A   
START . . . . . . . .  C ADDR   003FH   A   
T0_INT. . . . . . . .  C ADDR   000BH   A   
TF0 . . . . . . . . .  B ADDR   0088H.5 A   
TH0 . . . . . . . . .  D ADDR   008CH   A   
TIMER_INIT. . . . . .  C ADDR   0055H   A   
TIME_MS . . . . . . .  N NUMB   0032H   A   
TL0 . . . . . . . . .  D ADDR   008AH   A   
TL1 . . . . . . . . .  D ADDR   008BH   A   
TMOD. . . . . . . . .  D ADDR   0089H   A   
TR0 . . . . . . . . .  B ADDR   0088H.4 A   
WAIT_TILL_BUSY_CMD. .  C ADDR   010DH   A   
WAIT_TILL_BUSY_DATA .  C ADDR   00F5H   A   
WR_CMD. . . . . . . .  N NUMB   FF2CH   A   
WR_DATA . . . . . . .  N NUMB   FF2DH   A   


REGISTER BANK(S) USED: 0 


ASSEMBLY COMPLETE.  0 WARNING(S), 0 ERROR(S)
